#
# A fatal error has been detected by the Java Runtime Environment:
#
#  EXCEPTION_ACCESS_VIOLATION (0xc0000005) at pc=0x00007ffe8996ae39, pid=21852, tid=19260
#
# JRE version: OpenJDK Runtime Environment (16.0.2+7) (build 16.0.2+7-67)
# Java VM: OpenJDK 64-Bit Server VM (16.0.2+7-67, mixed mode, tiered, compressed oops, compressed class ptrs, g1 gc, windows-amd64)
# Problematic frame:
# V  [jvm.dll+0x23ae39]
#
# No core dump will be written. Minidumps are not enabled by default on client versions of Windows
#
# If you would like to submit a bug report, please visit:
#   https://bugreport.java.com/bugreport/crash.jsp
#

---------------  S U M M A R Y ------------

Command Line: -XX:+ShowCodeDetailsInExceptionMessages -agentlib:jdwp=transport=dt_socket,suspend=y,address=localhost:64970 -javaagent:C:\Users\elise\Downloads\sts-4.12.0.RELEASE\configuration\org.eclipse.osgi\259\0\.cp\lib\javaagent-shaded.jar -Dfile.encoding=UTF-8 com.example.demo.AwebTp4EntregableApplication

Host: AMD Ryzen 3 3200G with Radeon Vega Graphics    , 4 cores, 5G,  Windows 10 , 64 bit Build 19041 (10.0.19041.1202)
Time: Tue Nov  2 11:55:34 2021 Hora estándar de Argentina elapsed time: 70.327042 seconds (0d 0h 1m 10s)

---------------  T H R E A D  ---------------

Current thread (0x0000013385362c60):  VMThread "VM Thread" [stack: 0x0000000e7c900000,0x0000000e7ca00000] [id=19260]

Stack: [0x0000000e7c900000,0x0000000e7ca00000],  sp=0x0000000e7c9fefa0,  free space=1019k
Native frames: (J=compiled Java code, j=interpreted, Vv=VM code, C=native code)
V  [jvm.dll+0x23ae39]
V  [jvm.dll+0x61ebc0]
V  [jvm.dll+0x61f62f]
V  [jvm.dll+0x523ffd]
V  [jvm.dll+0x527bff]
V  [jvm.dll+0x5256cb]
V  [jvm.dll+0x7d00ab]
V  [jvm.dll+0x7d0da4]
V  [jvm.dll+0x7d12a9]
V  [jvm.dll+0x7d1564]
V  [jvm.dll+0x7d1630]
V  [jvm.dll+0x7795aa]
V  [jvm.dll+0x667066]
C  [ucrtbase.dll+0x21bb2]
C  [KERNEL32.DLL+0x17034]
C  [ntdll.dll+0x52651]


siginfo: EXCEPTION_ACCESS_VIOLATION (0xc0000005), reading address 0x0000013392b623a8


Register to memory mapping:

RIP=0x00007ffe8996ae39 jvm.dll
RAX=0x0000000000200000 is an unknown value
RBX=0x0000013392960cd0 is pointing into metadata
RCX=0x00000133929623a8 is pointing into metadata
RDX=0x000000000000ffff is an unknown value
RSP=0x0000000e7c9fefa0 points into unknown readable memory: 0x0000000000000000 | 00 00 00 00 00 00 00 00
RBP=0x0000000e7c9ff099 points into unknown readable memory: 2c 36 85 33 01 00 00
RSI=0x000000000000ffff is an unknown value
RDI=0x000000000000ffff is an unknown value
R8 ={method} {0x00000133929618f0} 'update' '(Lcom/example/demo/pojo/ClientProduct;)Lorg/springframework/http/ResponseEntity;' in 'com/example/demo/controller/ClientProductController'
R9 =0x0000000000000003 is an unknown value
R10=0x0000013385358ef0 points into unknown readable memory: 0x0000001e00000002 | 02 00 00 00 1e 00 00 00
R11={method} {0x00000133929618f0} 'update' '(Lcom/example/demo/pojo/ClientProduct;)Lorg/springframework/http/ResponseEntity;' in 'com/example/demo/controller/ClientProductController'
R12=0x0000000000000008 is an unknown value
R13={method} {0x000001338e0b1158} 'update' '(Lcom/example/demo/pojo/ClientProduct;)Lorg/springframework/http/ResponseEntity;' in 'com/example/demo/controller/ClientProductController'
R14=0x00000133929618b2 is pointing into metadata
R15=0x00007ffe89730000 jvm.dll


Registers:
RAX=0x0000000000200000, RBX=0x0000013392960cd0, RCX=0x00000133929623a8, RDX=0x000000000000ffff
RSP=0x0000000e7c9fefa0, RBP=0x0000000e7c9ff099, RSI=0x000000000000ffff, RDI=0x000000000000ffff
R8 =0x00000133929618e8, R9 =0x0000000000000003, R10=0x0000013385358ef0, R11=0x00000133929618e8
R12=0x0000000000000008, R13=0x000001338e0b1150, R14=0x00000133929618b2, R15=0x00007ffe89730000
RIP=0x00007ffe8996ae39, EFLAGS=0x0000000000010216

Top of Stack: (sp=0x0000000e7c9fefa0)
0x0000000e7c9fefa0:   0000000000000000 0000000000000218
0x0000000e7c9fefb0:   0000000000000000 0000000e7c9f0000
0x0000000e7c9fefc0:   000000000000000e 00007ffe89d4ebc0
0x0000000e7c9fefd0:   00000000000000b6 0000000000000001
0x0000000e7c9fefe0:   0000000000000000 00000000ffff0000
0x0000000e7c9feff0:   0000000e7c9ff060 00007ffe898550fe
0x0000000e7c9ff000:   00000133929618e8 00007ffe897d8706
0x0000000e7c9ff010:   0000000000000008 0000000e7c9ff199
0x0000000e7c9ff020:   00000000000000b6 00007ffe89d4f62f
0x0000000e7c9ff030:   00000000000000b6 0000000e7c9ff099
0x0000000e7c9ff040:   00000000000000b6 0000000000000000
0x0000000e7c9ff050:   00000133929618e8 0000013385362c60
0x0000000e7c9ff060:   00000133929618e8 0000013385362c60
0x0000000e7c9ff070:   0000000500000002 000000b600000006
0x0000000e7c9ff080:   00000133ecff0000 0000000e000000b6
0x0000000e7c9ff090:   000001338e0b1150 0000013385362c60 

Instructions: (pc=0x00007ffe8996ae39)
0x00007ffe8996ad39:   18 57 48 83 ec 30 48 63 da 49 8b f0 48 8b f9 85
0x00007ffe8996ad49:   d2 79 24 4c 8d 0d 8d 8a 69 00 ba b4 02 00 00 4c
0x00007ffe8996ad59:   8d 05 b9 8a 69 00 48 8d 0d 22 8a 69 00 e8 d5 7d
0x00007ffe8996ad69:   00 00 e8 d0 cf 42 00 48 8b 57 10 48 85 d2 74 0f
0x00007ffe8996ad79:   48 8d 43 01 48 c1 e0 05 48 8b 04 10 0f b7 d8 48
0x00007ffe8996ad89:   63 c3 48 8d 54 24 40 48 89 7c 24 20 48 89 74 24
0x00007ffe8996ad99:   28 48 8b 8e 88 02 00 00 8b 5c c7 48 48 89 7c 24
0x00007ffe8996ada9:   40 e8 51 f9 dc ff 0f b7 d3 48 8d 4c 24 20 4c 8b
0x00007ffe8996adb9:   ce 41 b0 01 e8 ae fb ff ff 48 8d 4c 24 20 48 8b
0x00007ffe8996adc9:   d8 e8 f1 6e 10 00 48 8b 74 24 50 48 8b c3 48 8b
0x00007ffe8996add9:   5c 24 48 48 83 c4 30 5f c3 cc cc cc cc cc cc cc
0x00007ffe8996ade9:   cc cc cc cc cc cc cc 48 89 5c 24 08 57 48 83 ec
0x00007ffe8996adf9:   20 48 63 fa 48 8b d9 85 d2 79 24 4c 8d 0d d5 89
0x00007ffe8996ae09:   69 00 ba b4 02 00 00 4c 8d 05 01 8a 69 00 48 8d
0x00007ffe8996ae19:   0d 6a 89 69 00 e8 1d 7d 00 00 e8 18 cf 42 00 48
0x00007ffe8996ae29:   8b 4b 10 48 85 c9 74 0f 48 8d 47 01 48 c1 e0 05
0x00007ffe8996ae39:   48 8b 04 08 0f b7 f8 48 63 c7 0f b7 4c c3 48 0f
0x00007ffe8996ae49:   b7 44 cb 4a 48 8b 44 c3 48 48 8b 5c 24 30 48 83
0x00007ffe8996ae59:   c4 20 5f c3 cc cc cc 48 8b 49 20 48 8b 09 e9 24
0x00007ffe8996ae69:   5e 00 00 cc cc cc cc 4c 8b 41 20 4d 8b 00 e9 54
0x00007ffe8996ae79:   02 00 00 cc cc cc cc 48 89 5c 24 18 56 57 41 56
0x00007ffe8996ae89:   48 83 ec 20 48 83 3d 2b bb 88 00 00 4c 8b f2 48
0x00007ffe8996ae99:   8b f9 74 0f 48 8b d1 48 8d 0d b9 88 69 00 e8 c4
0x00007ffe8996aea9:   e3 e6 ff 45 33 c0 41 8d 50 17 8d 4a 11 e8 c5 d7
0x00007ffe8996aeb9:   e6 ff 33 db 48 85 c0 74 22 48 8d 0d 1f 7f 66 00
0x00007ffe8996aec9:   89 58 08 48 89 08 48 8d 4f 08 48 89 48 20 88 58
0x00007ffe8996aed9:   0c 48 89 58 10 48 89 58 18 eb 03 48 8b c3 48 8b
0x00007ffe8996aee9:   d0 49 8b ce e8 8e 5d 3d 00 45 33 c0 41 8d 50 17
0x00007ffe8996aef9:   8d 4a 11 e8 7f d7 e6 ff 48 85 c0 74 27 48 8d 0d
0x00007ffe8996af09:   63 8d 69 00 c7 40 08 02 00 00 00 48 89 08 48 8d
0x00007ffe8996af19:   4f 10 48 89 48 20 c6 40 0c 00 48 89 58 10 48 89
0x00007ffe8996af29:   58 18 eb 03 48 8b c3 48 8b d0 49 8b ce e8 45 5d 


Stack slot to memory mapping:
stack at sp + 0 slots: 0x0 is NULL
stack at sp + 1 slots: 0x0000000000000218 is an unknown value
stack at sp + 2 slots: 0x0 is NULL
stack at sp + 3 slots: 0x0000000e7c9f0000 is an unknown value
stack at sp + 4 slots: 0x000000000000000e is an unknown value
stack at sp + 5 slots: 0x00007ffe89d4ebc0 jvm.dll
stack at sp + 6 slots: 0x00000000000000b6 is an unknown value
stack at sp + 7 slots: 0x0000000000000001 is an unknown value

VM_Operation (0x0000000e7d4fef60): RedefineClasses, mode: safepoint, requested by thread 0x0000013385fd8fb0, redefining class com.example.demo.controller.ClientProductController



---------------  P R O C E S S  ---------------

Threads class SMR info:
_java_thread_list=0x00000133895e1110, length=24, elements={
0x000001338534c590, 0x000001338534e260, 0x00000133853942a0, 0x0000013385395bc0,
0x00000133853965c0, 0x0000013385396fc0, 0x0000013385397cf0, 0x0000013385d42820,
0x0000013385d66d60, 0x0000013385da4780, 0x0000013385fd8fb0, 0x0000013385fdf430,
0x0000013385fe1c80, 0x0000013386877010, 0x0000013385f3ed30, 0x0000013385f3cd50,
0x0000013385f3bd60, 0x0000013385f3e7e0, 0x0000013385f3d2a0, 0x0000013385f3e290,
0x0000013385f3f280, 0x00000133885406c0, 0x000001338853c700, 0x000001338853b1c0
}

Java Threads: ( => current thread )
  0x000001338534c590 JavaThread "Reference Handler" daemon [_thread_blocked, id=22428, stack(0x0000000e7ca00000,0x0000000e7cb00000)]
  0x000001338534e260 JavaThread "Finalizer" daemon [_thread_blocked, id=940, stack(0x0000000e7cb00000,0x0000000e7cc00000)]
  0x00000133853942a0 JavaThread "Signal Dispatcher" daemon [_thread_blocked, id=24940, stack(0x0000000e7cc00000,0x0000000e7cd00000)]
  0x0000013385395bc0 JavaThread "Attach Listener" daemon [_thread_blocked, id=2256, stack(0x0000000e7cd00000,0x0000000e7ce00000)]
  0x00000133853965c0 JavaThread "Service Thread" daemon [_thread_blocked, id=24372, stack(0x0000000e7ce00000,0x0000000e7cf00000)]
  0x0000013385396fc0 JavaThread "Monitor Deflation Thread" daemon [_thread_blocked, id=19556, stack(0x0000000e7cf00000,0x0000000e7d000000)]
  0x0000013385397cf0 JavaThread "C2 CompilerThread0" daemon [_thread_blocked, id=21532, stack(0x0000000e7d000000,0x0000000e7d100000)]
  0x0000013385d42820 JavaThread "C1 CompilerThread0" daemon [_thread_blocked, id=26236, stack(0x0000000e7d100000,0x0000000e7d200000)]
  0x0000013385d66d60 JavaThread "Sweeper thread" daemon [_thread_blocked, id=8364, stack(0x0000000e7d200000,0x0000000e7d300000)]
  0x0000013385da4780 JavaThread "Common-Cleaner" daemon [_thread_blocked, id=24208, stack(0x0000000e7d300000,0x0000000e7d400000)]
  0x0000013385fd8fb0 JavaThread "JDWP Transport Listener: dt_socket" daemon [_thread_blocked, id=17440, stack(0x0000000e7d400000,0x0000000e7d500000)]
  0x0000013385fdf430 JavaThread "JDWP Event Helper Thread" daemon [_thread_blocked, id=21200, stack(0x0000000e7d500000,0x0000000e7d600000)]
  0x0000013385fe1c80 JavaThread "JDWP Command Reader" daemon [_thread_in_native, id=5208, stack(0x0000000e7d600000,0x0000000e7d700000)]
  0x0000013386877010 JavaThread "Notification Thread" daemon [_thread_blocked, id=2540, stack(0x0000000e7d700000,0x0000000e7d800000)]
  0x0000013385f3ed30 JavaThread "Catalina-utility-1" [_thread_blocked, id=6572, stack(0x0000000e7dd00000,0x0000000e7de00000)]
  0x0000013385f3cd50 JavaThread "Catalina-utility-2" [_thread_blocked, id=25944, stack(0x0000000e7de00000,0x0000000e7df00000)]
  0x0000013385f3bd60 JavaThread "container-0" [_thread_blocked, id=14824, stack(0x0000000e7df00000,0x0000000e7e000000)]
  0x0000013385f3e7e0 JavaThread "mysql-cj-abandoned-connection-cleanup" daemon [_thread_blocked, id=21340, stack(0x0000000e7e000000,0x0000000e7e100000)]
  0x0000013385f3d2a0 JavaThread "HikariPool-1 housekeeper" daemon [_thread_blocked, id=15680, stack(0x0000000e7e100000,0x0000000e7e200000)]
  0x0000013385f3e290 JavaThread "http-nio-8080-Poller" daemon [_thread_in_native, id=22920, stack(0x0000000e7e300000,0x0000000e7e400000)]
  0x0000013385f3f280 JavaThread "http-nio-8080-Acceptor" daemon [_thread_in_native, id=5600, stack(0x0000000e7e400000,0x0000000e7e500000)]
  0x00000133885406c0 JavaThread "DestroyJavaVM" [_thread_blocked, id=11848, stack(0x0000000e7c300000,0x0000000e7c400000)]
  0x000001338853c700 JavaThread "http-nio-8080-exec-1" daemon [_thread_blocked, id=23904, stack(0x0000000e7e200000,0x0000000e7e300000)]
  0x000001338853b1c0 JavaThread "http-nio-8080-exec-2" daemon [_thread_blocked, id=24496, stack(0x0000000e7dc00000,0x0000000e7dd00000)]

Other Threads:
=>0x0000013385362c60 VMThread "VM Thread" [stack: 0x0000000e7c900000,0x0000000e7ca00000] [id=19260]
  0x00000133ecffc3f0 WatcherThread [stack: 0x0000000e7d800000,0x0000000e7d900000] [id=23888]
  0x00000133ed033b50 GCTaskThread "GC Thread#0" [stack: 0x0000000e7c400000,0x0000000e7c500000] [id=18440]
  0x00000133869f2310 GCTaskThread "GC Thread#1" [stack: 0x0000000e7d900000,0x0000000e7da00000] [id=22476]
  0x00000133869c4420 GCTaskThread "GC Thread#2" [stack: 0x0000000e7da00000,0x0000000e7db00000] [id=23592]
  0x00000133869c0dd0 GCTaskThread "GC Thread#3" [stack: 0x0000000e7db00000,0x0000000e7dc00000] [id=22168]
  0x00000133ed041130 ConcurrentGCThread "G1 Main Marker" [stack: 0x0000000e7c500000,0x0000000e7c600000] [id=12948]
  0x00000133ed041ba0 ConcurrentGCThread "G1 Conc#0" [stack: 0x0000000e7c600000,0x0000000e7c700000] [id=13952]
  0x00000133851b0090 ConcurrentGCThread "G1 Refine#0" [stack: 0x0000000e7c700000,0x0000000e7c800000] [id=336]
  0x00000133851b0920 ConcurrentGCThread "G1 Service" [stack: 0x0000000e7c800000,0x0000000e7c900000] [id=17608]

Threads with active compile tasks:

VM state: at safepoint (normal execution)

VM Mutex/Monitor currently owned by a thread:  ([mutex/lock_event])
[0x00000133ecff55f0] Threads_lock - owner thread: 0x0000013385362c60

Heap address: 0x00000000a1000000, size: 1520 MB, Compressed Oops mode: 32-bit

CDS disabled.
Compressed class space mapped at: 0x0000000100000000-0x0000000140000000, reserved size: 1073741824
Narrow klass base: 0x0000000000000000, Narrow klass shift: 3, Narrow klass range: 0x140000000

GC Precious Log:
 CPUs: 4 total, 4 available
 Memory: 6075M
 Large Page Support: Disabled
 NUMA Support: Disabled
 Compressed Oops: Enabled (32-bit)
 Heap Region Size: 1M
 Heap Min Capacity: 8M
 Heap Initial Capacity: 96M
 Heap Max Capacity: 1520M
 Pre-touch: Disabled
 Parallel Workers: 4
 Concurrent Workers: 1
 Concurrent Refinement Workers: 4
 Periodic GC: Disabled

Heap:
 garbage-first heap   total 70656K, used 33979K [0x00000000a1000000, 0x0000000100000000)
  region size 1024K, 6 young (6144K), 2 survivors (2048K)
 Metaspace       used 75832K, committed 76288K, reserved 1122304K
  class space    used 9121K, committed 9344K, reserved 1048576K

Heap Regions: E=young(eden), S=young(survivor), O=old, HS=humongous(starts), HC=humongous(continues), CS=collection set, F=free, OA=open archive, CA=closed archive, TAMS=top-at-mark-start (previous, next)
|   0|0x00000000a1000000, 0x00000000a1100000, 0x00000000a1100000|100%|HS|  |TAMS 0x00000000a1100000, 0x00000000a1000000| Complete 
|   1|0x00000000a1100000, 0x00000000a1200000, 0x00000000a1200000|100%| O|  |TAMS 0x00000000a1200000, 0x00000000a1100000| Untracked 
|   2|0x00000000a1200000, 0x00000000a1300000, 0x00000000a1300000|100%| O|  |TAMS 0x00000000a1300000, 0x00000000a1200000| Untracked 
|   3|0x00000000a1300000, 0x00000000a1400000, 0x00000000a1400000|100%| O|  |TAMS 0x00000000a1400000, 0x00000000a1300000| Untracked 
|   4|0x00000000a1400000, 0x00000000a1500000, 0x00000000a1500000|100%| O|  |TAMS 0x00000000a1500000, 0x00000000a1400000| Untracked 
|   5|0x00000000a1500000, 0x00000000a15c8400, 0x00000000a1600000| 78%| O|  |TAMS 0x00000000a15c8400, 0x00000000a1500000| Untracked 
|   6|0x00000000a1600000, 0x00000000a1700000, 0x00000000a1700000|100%| O|  |TAMS 0x00000000a1700000, 0x00000000a1600000| Untracked 
|   7|0x00000000a1700000, 0x00000000a1800000, 0x00000000a1800000|100%| O|  |TAMS 0x00000000a1800000, 0x00000000a1700000| Untracked 
|   8|0x00000000a1800000, 0x00000000a1900000, 0x00000000a1900000|100%| O|  |TAMS 0x00000000a1900000, 0x00000000a1800000| Untracked 
|   9|0x00000000a1900000, 0x00000000a1a00000, 0x00000000a1a00000|100%| O|  |TAMS 0x00000000a1a00000, 0x00000000a1900000| Untracked 
|  10|0x00000000a1a00000, 0x00000000a1b00000, 0x00000000a1b00000|100%| O|  |TAMS 0x00000000a1b00000, 0x00000000a1a00000| Untracked 
|  11|0x00000000a1b00000, 0x00000000a1bd4e00, 0x00000000a1c00000| 83%| O|  |TAMS 0x00000000a1bd4e00, 0x00000000a1b00000| Untracked 
|  12|0x00000000a1c00000, 0x00000000a1d00000, 0x00000000a1d00000|100%| O|  |TAMS 0x00000000a1d00000, 0x00000000a1c00000| Untracked 
|  13|0x00000000a1d00000, 0x00000000a1e00000, 0x00000000a1e00000|100%| O|  |TAMS 0x00000000a1e00000, 0x00000000a1d00000| Untracked 
|  14|0x00000000a1e00000, 0x00000000a1f00000, 0x00000000a1f00000|100%| O|  |TAMS 0x00000000a1f00000, 0x00000000a1e00000| Untracked 
|  15|0x00000000a1f00000, 0x00000000a2000000, 0x00000000a2000000|100%| O|  |TAMS 0x00000000a2000000, 0x00000000a1f00000| Untracked 
|  16|0x00000000a2000000, 0x00000000a2100000, 0x00000000a2100000|100%| O|  |TAMS 0x00000000a2100000, 0x00000000a2000000| Untracked 
|  17|0x00000000a2100000, 0x00000000a2200000, 0x00000000a2200000|100%| O|  |TAMS 0x00000000a2161000, 0x00000000a2100000| Untracked 
|  18|0x00000000a2200000, 0x00000000a2300000, 0x00000000a2300000|100%| O|  |TAMS 0x00000000a2200000, 0x00000000a2200000| Untracked 
|  19|0x00000000a2300000, 0x00000000a2400000, 0x00000000a2400000|100%| O|  |TAMS 0x00000000a2300000, 0x00000000a2300000| Untracked 
|  20|0x00000000a2400000, 0x00000000a2500000, 0x00000000a2500000|100%| O|  |TAMS 0x00000000a2400000, 0x00000000a2400000| Untracked 
|  21|0x00000000a2500000, 0x00000000a2600000, 0x00000000a2600000|100%| O|  |TAMS 0x00000000a2500000, 0x00000000a2500000| Untracked 
|  22|0x00000000a2600000, 0x00000000a2700000, 0x00000000a2700000|100%| O|  |TAMS 0x00000000a2600000, 0x00000000a2600000| Untracked 
|  23|0x00000000a2700000, 0x00000000a2800000, 0x00000000a2800000|100%| O|  |TAMS 0x00000000a2700000, 0x00000000a2700000| Untracked 
|  24|0x00000000a2800000, 0x00000000a2900000, 0x00000000a2900000|100%| O|  |TAMS 0x00000000a2800000, 0x00000000a2800000| Untracked 
|  25|0x00000000a2900000, 0x00000000a2a00000, 0x00000000a2a00000|100%| O|  |TAMS 0x00000000a2900000, 0x00000000a2900000| Untracked 
|  26|0x00000000a2a00000, 0x00000000a2b00000, 0x00000000a2b00000|100%| O|  |TAMS 0x00000000a2a00000, 0x00000000a2a00000| Untracked 
|  27|0x00000000a2b00000, 0x00000000a2c00000, 0x00000000a2c00000|100%| O|  |TAMS 0x00000000a2b00000, 0x00000000a2b00000| Untracked 
|  28|0x00000000a2c00000, 0x00000000a2d00000, 0x00000000a2d00000|100%| O|  |TAMS 0x00000000a2c00000, 0x00000000a2c00000| Untracked 
|  29|0x00000000a2d00000, 0x00000000a2d00000, 0x00000000a2e00000|  0%| F|  |TAMS 0x00000000a2d00000, 0x00000000a2d00000| Untracked 
|  30|0x00000000a2e00000, 0x00000000a2e00000, 0x00000000a2f00000|  0%| F|  |TAMS 0x00000000a2e00000, 0x00000000a2e00000| Untracked 
|  31|0x00000000a2f00000, 0x00000000a2f00000, 0x00000000a3000000|  0%| F|  |TAMS 0x00000000a2f00000, 0x00000000a2f00000| Untracked 
|  32|0x00000000a3000000, 0x00000000a3000000, 0x00000000a3100000|  0%| F|  |TAMS 0x00000000a3000000, 0x00000000a3000000| Untracked 
|  33|0x00000000a3100000, 0x00000000a3100000, 0x00000000a3200000|  0%| F|  |TAMS 0x00000000a3100000, 0x00000000a3100000| Untracked 
|  34|0x00000000a3200000, 0x00000000a3200000, 0x00000000a3300000|  0%| F|  |TAMS 0x00000000a3200000, 0x00000000a3200000| Untracked 
|  35|0x00000000a3300000, 0x00000000a3300000, 0x00000000a3400000|  0%| F|  |TAMS 0x00000000a3300000, 0x00000000a3300000| Untracked 
|  36|0x00000000a3400000, 0x00000000a3400000, 0x00000000a3500000|  0%| F|  |TAMS 0x00000000a3400000, 0x00000000a3400000| Untracked 
|  37|0x00000000a3500000, 0x00000000a3500000, 0x00000000a3600000|  0%| F|  |TAMS 0x00000000a3500000, 0x00000000a3500000| Untracked 
|  38|0x00000000a3600000, 0x00000000a3600000, 0x00000000a3700000|  0%| F|  |TAMS 0x00000000a3600000, 0x00000000a3600000| Untracked 
|  39|0x00000000a3700000, 0x00000000a3700000, 0x00000000a3800000|  0%| F|  |TAMS 0x00000000a3700000, 0x00000000a3700000| Untracked 
|  40|0x00000000a3800000, 0x00000000a3800000, 0x00000000a3900000|  0%| F|  |TAMS 0x00000000a3800000, 0x00000000a3800000| Untracked 
|  41|0x00000000a3900000, 0x00000000a3900000, 0x00000000a3a00000|  0%| F|  |TAMS 0x00000000a3900000, 0x00000000a3900000| Untracked 
|  42|0x00000000a3a00000, 0x00000000a3a91d60, 0x00000000a3b00000| 56%| S|CS|TAMS 0x00000000a3a00000, 0x00000000a3a00000| Complete 
|  43|0x00000000a3b00000, 0x00000000a3c00000, 0x00000000a3c00000|100%| S|CS|TAMS 0x00000000a3b00000, 0x00000000a3b00000| Complete 
|  44|0x00000000a3c00000, 0x00000000a3c00000, 0x00000000a3d00000|  0%| F|  |TAMS 0x00000000a3c00000, 0x00000000a3c00000| Untracked 
|  45|0x00000000a3d00000, 0x00000000a3d00000, 0x00000000a3e00000|  0%| F|  |TAMS 0x00000000a3d00000, 0x00000000a3d00000| Untracked 
|  46|0x00000000a3e00000, 0x00000000a3e00000, 0x00000000a3f00000|  0%| F|  |TAMS 0x00000000a3e00000, 0x00000000a3e00000| Untracked 
|  47|0x00000000a3f00000, 0x00000000a3f00000, 0x00000000a4000000|  0%| F|  |TAMS 0x00000000a3f00000, 0x00000000a3f00000| Untracked 
|  48|0x00000000a4000000, 0x00000000a4000000, 0x00000000a4100000|  0%| F|  |TAMS 0x00000000a4000000, 0x00000000a4000000| Untracked 
|  49|0x00000000a4100000, 0x00000000a4100000, 0x00000000a4200000|  0%| F|  |TAMS 0x00000000a4100000, 0x00000000a4100000| Untracked 
|  50|0x00000000a4200000, 0x00000000a4200000, 0x00000000a4300000|  0%| F|  |TAMS 0x00000000a4200000, 0x00000000a4200000| Untracked 
|  51|0x00000000a4300000, 0x00000000a4300000, 0x00000000a4400000|  0%| F|  |TAMS 0x00000000a4300000, 0x00000000a4300000| Untracked 
|  52|0x00000000a4400000, 0x00000000a4400000, 0x00000000a4500000|  0%| F|  |TAMS 0x00000000a4400000, 0x00000000a4400000| Untracked 
|  53|0x00000000a4500000, 0x00000000a4500000, 0x00000000a4600000|  0%| F|  |TAMS 0x00000000a4500000, 0x00000000a4500000| Untracked 
|  54|0x00000000a4600000, 0x00000000a4600000, 0x00000000a4700000|  0%| F|  |TAMS 0x00000000a4600000, 0x00000000a4600000| Untracked 
|  55|0x00000000a4700000, 0x00000000a4700000, 0x00000000a4800000|  0%| F|  |TAMS 0x00000000a4700000, 0x00000000a4700000| Untracked 
|  56|0x00000000a4800000, 0x00000000a4800000, 0x00000000a4900000|  0%| F|  |TAMS 0x00000000a4800000, 0x00000000a4800000| Untracked 
|  57|0x00000000a4900000, 0x00000000a4900000, 0x00000000a4a00000|  0%| F|  |TAMS 0x00000000a4900000, 0x00000000a4900000| Untracked 
|  58|0x00000000a4a00000, 0x00000000a4a00000, 0x00000000a4b00000|  0%| F|  |TAMS 0x00000000a4a00000, 0x00000000a4a00000| Untracked 
|  59|0x00000000a4b00000, 0x00000000a4b00000, 0x00000000a4c00000|  0%| F|  |TAMS 0x00000000a4b00000, 0x00000000a4b00000| Untracked 
|  60|0x00000000a4c00000, 0x00000000a4c00000, 0x00000000a4d00000|  0%| F|  |TAMS 0x00000000a4c00000, 0x00000000a4c00000| Untracked 
|  61|0x00000000a4d00000, 0x00000000a4d00000, 0x00000000a4e00000|  0%| F|  |TAMS 0x00000000a4d00000, 0x00000000a4d00000| Untracked 
|  62|0x00000000a4e00000, 0x00000000a4e00000, 0x00000000a4f00000|  0%| F|  |TAMS 0x00000000a4e00000, 0x00000000a4e00000| Untracked 
|  63|0x00000000a4f00000, 0x00000000a4f00000, 0x00000000a5000000|  0%| F|  |TAMS 0x00000000a4f00000, 0x00000000a4f00000| Untracked 
|  64|0x00000000a5000000, 0x00000000a5000000, 0x00000000a5100000|  0%| F|  |TAMS 0x00000000a5000000, 0x00000000a5000000| Untracked 
|  65|0x00000000a5100000, 0x00000000a51468c0, 0x00000000a5200000| 27%| E|  |TAMS 0x00000000a5100000, 0x00000000a5100000| Complete 
|  66|0x00000000a5200000, 0x00000000a5300000, 0x00000000a5300000|100%| E|CS|TAMS 0x00000000a5200000, 0x00000000a5200000| Complete 
|  67|0x00000000a5300000, 0x00000000a5400000, 0x00000000a5400000|100%| E|CS|TAMS 0x00000000a5300000, 0x00000000a5300000| Complete 
|  95|0x00000000a6f00000, 0x00000000a7000000, 0x00000000a7000000|100%| E|CS|TAMS 0x00000000a6f00000, 0x00000000a6f00000| Complete 

Card table byte_map: [0x00000133ff870000,0x00000133ffb70000] _byte_map_base: 0x00000133ff368000

Marking Bits (Prev, Next): (CMBitMap*) 0x00000133ed034200, (CMBitMap*) 0x00000133ed0341c0
 Prev Bits: [0x00000133817c0000, 0x0000013382f80000)
 Next Bits: [0x0000013380000000, 0x00000133817c0000)

Polling page: 0x00000133ec7d0000

Metaspace:

Usage:
  Non-class:     65.15 MB used.
      Class:      8.91 MB used.
       Both:     74.05 MB used.

Virtual space:
  Non-class space:       72.00 MB reserved,      65.38 MB ( 91%) committed,  9 nodes.
      Class space:        1.00 GB reserved,       9.12 MB ( <1%) committed,  1 nodes.
              Both:        1.07 GB reserved,      74.50 MB (  7%) committed. 

Chunk freelists:
   Non-Class:  2.61 MB
       Class:  2.72 MB
        Both:  5.33 MB

MaxMetaspaceSize: 17179869184.00 GB
CompressedClassSpaceSize: 1.00 GB
 - commit_granule_bytes: 65536.
 - commit_granule_words: 8192.
 - virtual_space_node_default_size: 1048576.
 - enlarge_chunks_in_place: 1.
 - new_chunks_are_fully_committed: 0.
 - uncommit_free_chunks: 1.
 - use_allocation_guard: 0.
 - handle_deallocations: 1.


Internal statistics:

num_allocs_failed_limit: 9.
num_arena_births: 550.
num_arena_deaths: 0.
num_vsnodes_births: 10.
num_vsnodes_deaths: 0.
num_space_committed: 1192.
num_space_uncommitted: 0.
num_chunks_returned_to_freelist: 9.
num_chunks_taken_from_freelist: 3046.
num_chunk_merges: 9.
num_chunk_splits: 2148.
num_chunks_enlarged: 1677.
num_purges: 0.

CodeHeap 'non-profiled nmethods': size=120000Kb used=4790Kb max_used=5214Kb free=115209Kb
 bounds [0x00000133f8040000, 0x00000133f8560000, 0x00000133ff570000]
CodeHeap 'profiled nmethods': size=120000Kb used=16168Kb max_used=16168Kb free=103831Kb
 bounds [0x00000133f0b10000, 0x00000133f1ae0000, 0x00000133f8040000]
CodeHeap 'non-nmethods': size=5760Kb used=1388Kb max_used=1492Kb free=4372Kb
 bounds [0x00000133f0570000, 0x00000133f07e0000, 0x00000133f0b10000]
 total_blobs=8712 nmethods=8075 adapters=548
 compilation: enabled
              stopped_count=0, restarted_count=0
 full_count=0

Compilation events (20 events):
Event: 57.160 Thread 0x0000013385d42820 9298       3       jdk.internal.misc.Unsafe::getAndBitwiseAndInt (27 bytes)
Event: 57.160 Thread 0x0000013385d42820 nmethod 9298 0x00000133f1ad7c10 code [0x00000133f1ad7dc0, 0x00000133f1ad8008]
Event: 58.152 Thread 0x0000013385d42820 9299       3       java.util.concurrent.locks.AbstractQueuedSynchronizer$Node::getAndUnsetStatus (14 bytes)
Event: 58.152 Thread 0x0000013385d42820 nmethod 9299 0x00000133f1ad8110 code [0x00000133f1ad82c0, 0x00000133f1ad8588]
Event: 60.149 Thread 0x0000013385d42820 9301       3       java.util.concurrent.ScheduledThreadPoolExecutor$ScheduledFutureTask::compareTo (9 bytes)
Event: 60.149 Thread 0x0000013385397cf0 9300       4       java.util.concurrent.locks.AbstractQueuedSynchronizer::release (19 bytes)
Event: 60.149 Thread 0x0000013385d42820 nmethod 9301 0x00000133f1ad8690 code [0x00000133f1ad8840, 0x00000133f1ad8aa8]
Event: 60.149 Thread 0x0000013385d42820 9302       3       java.util.concurrent.ScheduledThreadPoolExecutor$ScheduledFutureTask::compareTo (101 bytes)
Event: 60.150 Thread 0x0000013385d42820 nmethod 9302 0x00000133f1ad8b90 code [0x00000133f1ad8da0, 0x00000133f1ad94f8]
Event: 60.151 Thread 0x0000013385397cf0 nmethod 9300 0x00000133f81e1510 code [0x00000133f81e16a0, 0x00000133f81e1808]
Event: 61.162 Thread 0x0000013385d42820 9303       3       java.util.concurrent.locks.LockSupport::setBlocker (12 bytes)
Event: 61.162 Thread 0x0000013385d42820 nmethod 9303 0x00000133f1ad9690 code [0x00000133f1ad9840, 0x00000133f1ad9a48]
Event: 67.148 Thread 0x0000013385d42820 9305       3       java.util.concurrent.ThreadPoolExecutor::isShutdown (12 bytes)
Event: 67.148 Thread 0x0000013385d42820 nmethod 9305 0x00000133f1ad9b10 code [0x00000133f1ad9cc0, 0x00000133f1ad9eb8]
Event: 67.803 Thread 0x0000013385d42820 9306       3       java.util.concurrent.TimeUnit::convert (77 bytes)
Event: 67.804 Thread 0x0000013385d42820 nmethod 9306 0x00000133f1ad9f90 code [0x00000133f1ada1a0, 0x00000133f1ada568]
Event: 68.161 Thread 0x0000013385397cf0 9307       4       java.util.concurrent.locks.ReentrantLock::unlock (10 bytes)
Event: 68.164 Thread 0x0000013385397cf0 nmethod 9307 0x00000133f81e0b90 code [0x00000133f81e0d20, 0x00000133f81e0f48]
Event: 69.155 Thread 0x0000013385d42820 9308       3       java.util.concurrent.TimeUnit::toNanos (45 bytes)
Event: 69.156 Thread 0x0000013385d42820 nmethod 9308 0x00000133f1ada790 code [0x00000133f1ada940, 0x00000133f1adabb8]

GC Heap History (20 events):
Event: 8.995 GC heap before
{Heap before GC invocations=21 (full 0):
 garbage-first heap   total 58368K, used 47200K [0x00000000a1000000, 0x0000000100000000)
  region size 1024K, 30 young (30720K), 3 survivors (3072K)
 Metaspace       used 52553K, committed 52864K, reserved 1097728K
  class space    used 6218K, committed 6400K, reserved 1048576K
}
Event: 8.998 GC heap after
{Heap after GC invocations=22 (full 0):
 garbage-first heap   total 70656K, used 20071K [0x00000000a1000000, 0x0000000100000000)
  region size 1024K, 3 young (3072K), 3 survivors (3072K)
 Metaspace       used 52553K, committed 52864K, reserved 1097728K
  class space    used 6218K, committed 6400K, reserved 1048576K
}
Event: 9.607 GC heap before
{Heap before GC invocations=22 (full 0):
 garbage-first heap   total 70656K, used 58983K [0x00000000a1000000, 0x0000000100000000)
  region size 1024K, 41 young (41984K), 3 survivors (3072K)
 Metaspace       used 56381K, committed 56768K, reserved 1105920K
  class space    used 6842K, committed 7040K, reserved 1048576K
}
Event: 9.610 GC heap after
{Heap after GC invocations=23 (full 0):
 garbage-first heap   total 70656K, used 20653K [0x00000000a1000000, 0x0000000100000000)
  region size 1024K, 4 young (4096K), 4 survivors (4096K)
 Metaspace       used 56381K, committed 56768K, reserved 1105920K
  class space    used 6842K, committed 7040K, reserved 1048576K
}
Event: 10.093 GC heap before
{Heap before GC invocations=23 (full 0):
 garbage-first heap   total 70656K, used 50349K [0x00000000a1000000, 0x0000000100000000)
  region size 1024K, 34 young (34816K), 4 survivors (4096K)
 Metaspace       used 58983K, committed 59328K, reserved 1105920K
  class space    used 7174K, committed 7360K, reserved 1048576K
}
Event: 10.096 GC heap after
{Heap after GC invocations=24 (full 0):
 garbage-first heap   total 70656K, used 21913K [0x00000000a1000000, 0x0000000100000000)
  region size 1024K, 4 young (4096K), 4 survivors (4096K)
 Metaspace       used 58983K, committed 59328K, reserved 1105920K
  class space    used 7174K, committed 7360K, reserved 1048576K
}
Event: 10.632 GC heap before
{Heap before GC invocations=25 (full 0):
 garbage-first heap   total 70656K, used 57753K [0x00000000a1000000, 0x0000000100000000)
  region size 1024K, 39 young (39936K), 4 survivors (4096K)
 Metaspace       used 62023K, committed 62336K, reserved 1105920K
  class space    used 7609K, committed 7744K, reserved 1048576K
}
Event: 10.637 GC heap after
{Heap after GC invocations=26 (full 0):
 garbage-first heap   total 70656K, used 22758K [0x00000000a1000000, 0x0000000100000000)
  region size 1024K, 4 young (4096K), 4 survivors (4096K)
 Metaspace       used 62023K, committed 62336K, reserved 1105920K
  class space    used 7609K, committed 7744K, reserved 1048576K
}
Event: 11.351 GC heap before
{Heap before GC invocations=26 (full 0):
 garbage-first heap   total 70656K, used 57574K [0x00000000a1000000, 0x0000000100000000)
  region size 1024K, 38 young (38912K), 4 survivors (4096K)
 Metaspace       used 64215K, committed 64576K, reserved 1105920K
  class space    used 7837K, committed 8000K, reserved 1048576K
}
Event: 11.356 GC heap after
{Heap after GC invocations=27 (full 0):
 garbage-first heap   total 70656K, used 24607K [0x00000000a1000000, 0x0000000100000000)
  region size 1024K, 4 young (4096K), 4 survivors (4096K)
 Metaspace       used 64215K, committed 64576K, reserved 1105920K
  class space    used 7837K, committed 8000K, reserved 1048576K
}
Event: 11.980 GC heap before
{Heap before GC invocations=27 (full 0):
 garbage-first heap   total 70656K, used 58399K [0x00000000a1000000, 0x0000000100000000)
  region size 1024K, 37 young (37888K), 4 survivors (4096K)
 Metaspace       used 66942K, committed 67392K, reserved 1114112K
  class space    used 8185K, committed 8384K, reserved 1048576K
}
Event: 11.985 GC heap after
{Heap after GC invocations=28 (full 0):
 garbage-first heap   total 70656K, used 27055K [0x00000000a1000000, 0x0000000100000000)
  region size 1024K, 5 young (5120K), 5 survivors (5120K)
 Metaspace       used 66942K, committed 67392K, reserved 1114112K
  class space    used 8185K, committed 8384K, reserved 1048576K
}
Event: 12.564 GC heap before
{Heap before GC invocations=28 (full 0):
 garbage-first heap   total 70656K, used 56751K [0x00000000a1000000, 0x0000000100000000)
  region size 1024K, 34 young (34816K), 5 survivors (5120K)
 Metaspace       used 69535K, committed 69952K, reserved 1114112K
  class space    used 8566K, committed 8768K, reserved 1048576K
}
Event: 12.570 GC heap after
{Heap after GC invocations=29 (full 0):
 garbage-first heap   total 70656K, used 28344K [0x00000000a1000000, 0x0000000100000000)
  region size 1024K, 4 young (4096K), 4 survivors (4096K)
 Metaspace       used 69535K, committed 69952K, reserved 1114112K
  class space    used 8566K, committed 8768K, reserved 1048576K
}
Event: 13.277 GC heap before
{Heap before GC invocations=29 (full 0):
 garbage-first heap   total 70656K, used 57016K [0x00000000a1000000, 0x0000000100000000)
  region size 1024K, 32 young (32768K), 4 survivors (4096K)
 Metaspace       used 71818K, committed 72256K, reserved 1114112K
  class space    used 8796K, committed 9024K, reserved 1048576K
}
Event: 13.284 GC heap after
{Heap after GC invocations=30 (full 0):
 garbage-first heap   total 70656K, used 29696K [0x00000000a1000000, 0x0000000100000000)
  region size 1024K, 3 young (3072K), 3 survivors (3072K)
 Metaspace       used 71818K, committed 72256K, reserved 1114112K
  class space    used 8796K, committed 9024K, reserved 1048576K
}
Event: 14.616 GC heap before
{Heap before GC invocations=30 (full 0):
 garbage-first heap   total 70656K, used 57344K [0x00000000a1000000, 0x0000000100000000)
  region size 1024K, 30 young (30720K), 3 survivors (3072K)
 Metaspace       used 73321K, committed 73792K, reserved 1114112K
  class space    used 8861K, committed 9088K, reserved 1048576K
}
Event: 14.622 GC heap after
{Heap after GC invocations=31 (full 0):
 garbage-first heap   total 70656K, used 31350K [0x00000000a1000000, 0x0000000100000000)
  region size 1024K, 4 young (4096K), 4 survivors (4096K)
 Metaspace       used 73321K, committed 73792K, reserved 1114112K
  class space    used 8861K, committed 9088K, reserved 1048576K
}
Event: 24.573 GC heap before
{Heap before GC invocations=31 (full 0):
 garbage-first heap   total 70656K, used 55926K [0x00000000a1000000, 0x0000000100000000)
  region size 1024K, 29 young (29696K), 4 survivors (4096K)
 Metaspace       used 75545K, committed 75968K, reserved 1122304K
  class space    used 9079K, committed 9280K, reserved 1048576K
}
Event: 24.577 GC heap after
{Heap after GC invocations=32 (full 0):
 garbage-first heap   total 70656K, used 30907K [0x00000000a1000000, 0x0000000100000000)
  region size 1024K, 2 young (2048K), 2 survivors (2048K)
 Metaspace       used 75545K, committed 75968K, reserved 1122304K
  class space    used 9079K, committed 9280K, reserved 1048576K
}

Deoptimization events (20 events):
Event: 24.615 Thread 0x000001338853b1c0 DEOPT PACKING pc=0x00000133f0d037d4 sp=0x0000000e7dcfb310
Event: 24.615 Thread 0x000001338853b1c0 DEOPT UNPACKING pc=0x00000133f05bdece sp=0x0000000e7dcfa7c8 mode 1
Event: 24.615 Thread 0x000001338853b1c0 DEOPT PACKING pc=0x00000133f0da8da4 sp=0x0000000e7dcfbd30
Event: 24.615 Thread 0x000001338853b1c0 DEOPT UNPACKING pc=0x00000133f05bdece sp=0x0000000e7dcfb220 mode 1
Event: 24.615 Thread 0x000001338853b1c0 DEOPT PACKING pc=0x00000133f0da8da4 sp=0x0000000e7dcfc990
Event: 24.615 Thread 0x000001338853b1c0 DEOPT UNPACKING pc=0x00000133f05bdece sp=0x0000000e7dcfbe68 mode 1
Event: 24.615 Thread 0x000001338853b1c0 DEOPT PACKING pc=0x00000133f120e4b4 sp=0x0000000e7dcfca30
Event: 24.615 Thread 0x000001338853b1c0 DEOPT UNPACKING pc=0x00000133f05bdece sp=0x0000000e7dcfbf98 mode 1
Event: 24.615 Thread 0x000001338853b1c0 DEOPT PACKING pc=0x00000133f0cb9f74 sp=0x0000000e7dcfb2c0
Event: 24.615 Thread 0x000001338853b1c0 DEOPT UNPACKING pc=0x00000133f05bdece sp=0x0000000e7dcfa758 mode 1
Event: 24.615 Thread 0x000001338853b1c0 DEOPT PACKING pc=0x00000133f0d037d4 sp=0x0000000e7dcfb390
Event: 24.615 Thread 0x000001338853b1c0 DEOPT UNPACKING pc=0x00000133f05bdece sp=0x0000000e7dcfa848 mode 1
Event: 24.615 Thread 0x000001338853b1c0 DEOPT PACKING pc=0x00000133f0da8da4 sp=0x0000000e7dcfbdb0
Event: 24.615 Thread 0x000001338853b1c0 DEOPT UNPACKING pc=0x00000133f05bdece sp=0x0000000e7dcfb2a0 mode 1
Event: 24.616 Thread 0x000001338853b1c0 DEOPT PACKING pc=0x00000133f0da8da4 sp=0x0000000e7dcfca10
Event: 24.616 Thread 0x000001338853b1c0 DEOPT UNPACKING pc=0x00000133f05bdece sp=0x0000000e7dcfbf00 mode 1
Event: 24.626 Thread 0x000001338853b1c0 Uncommon trap: trap_request=0xffffff45 fr.pc=0x00000133f83bf928 relative=0x0000000000000508
Event: 24.626 Thread 0x000001338853b1c0 Uncommon trap: reason=unstable_if action=reinterpret pc=0x00000133f83bf928 method=java.util.Properties.load0(Ljava/util/Properties$LineReader;)V @ 79 c2
Event: 24.626 Thread 0x000001338853b1c0 DEOPT PACKING pc=0x00000133f83bf928 sp=0x0000000e7dcfcde0
Event: 24.626 Thread 0x000001338853b1c0 DEOPT UNPACKING pc=0x00000133f05bd72e sp=0x0000000e7dcfcdb8 mode 2

Classes unloaded (0 events):
No events

Classes redefined (0 events):
No events

Internal exceptions (20 events):
Event: 12.608 Thread 0x00000133ecffb720 Exception <a 'java/lang/ClassNotFoundException'{0x00000000a53ba850}: java/lang/ObjectCustomizer> (0x00000000a53ba850) 
thrown [t:\workspace\open\src\hotspot\share\classfile\systemDictionary.cpp, line 256]
Event: 12.609 Thread 0x00000133ecffb720 Exception <a 'java/lang/ClassNotFoundException'{0x00000000a53c0e70}: com/example/demo/pojo/ClientCustomizer> (0x00000000a53c0e70) 
thrown [t:\workspace\open\src\hotspot\share\classfile\systemDictionary.cpp, line 256]
Event: 12.736 Thread 0x00000133ecffb720 Exception <a 'java/lang/ClassNotFoundException'{0x00000000a4d589e8}: com/example/demo/pojo/ClientProductBeanInfo> (0x00000000a4d589e8) 
thrown [t:\workspace\open\src\hotspot\share\classfile\systemDictionary.cpp, line 256]
Event: 12.736 Thread 0x00000133ecffb720 Exception <a 'java/lang/ClassNotFoundException'{0x00000000a4d5b7d0}: com/example/demo/pojo/ClientProductCustomizer> (0x00000000a4d5b7d0) 
thrown [t:\workspace\open\src\hotspot\share\classfile\systemDictionary.cpp, line 256]
Event: 12.737 Thread 0x00000133ecffb720 Exception <a 'java/lang/ClassNotFoundException'{0x00000000a4d6bb10}: com/example/demo/pojo/ProductBeanInfo> (0x00000000a4d6bb10) 
thrown [t:\workspace\open\src\hotspot\share\classfile\systemDictionary.cpp, line 256]
Event: 12.738 Thread 0x00000133ecffb720 Exception <a 'java/lang/ClassNotFoundException'{0x00000000a4d6e850}: com/example/demo/pojo/ProductCustomizer> (0x00000000a4d6e850) 
thrown [t:\workspace\open\src\hotspot\share\classfile\systemDictionary.cpp, line 256]
Event: 12.991 Thread 0x00000133ecffb720 Exception <a 'java/lang/ClassNotFoundException'{0x00000000a40b0420}: java/lang/ObjectCustomizer> (0x00000000a40b0420) 
thrown [t:\workspace\open\src\hotspot\share\classfile\systemDictionary.cpp, line 256]
Event: 12.993 Thread 0x00000133ecffb720 Exception <a 'java/lang/ClassNotFoundException'{0x00000000a40b6968}: com/example/demo/pojo/ClientCustomizer> (0x00000000a40b6968) 
thrown [t:\workspace\open\src\hotspot\share\classfile\systemDictionary.cpp, line 256]
Event: 13.381 Thread 0x00000133ecffb720 Exception <a 'java/lang/ClassNotFoundException'{0x00000000a51358a0}: java/lang/ObjectCustomizer> (0x00000000a51358a0) 
thrown [t:\workspace\open\src\hotspot\share\classfile\systemDictionary.cpp, line 256]
Event: 13.382 Thread 0x00000133ecffb720 Exception <a 'java/lang/ClassNotFoundException'{0x00000000a513be58}: com/example/demo/pojo/ProductCustomizer> (0x00000000a513be58) 
thrown [t:\workspace\open\src\hotspot\share\classfile\systemDictionary.cpp, line 256]
Event: 13.527 Thread 0x00000133ecffb720 Exception <a 'java/lang/ClassNotFoundException'{0x00000000a4e6e808}: java/lang/ObjectCustomizer> (0x00000000a4e6e808) 
thrown [t:\workspace\open\src\hotspot\share\classfile\systemDictionary.cpp, line 256]
Event: 13.528 Thread 0x00000133ecffb720 Exception <a 'java/lang/ClassNotFoundException'{0x00000000a4e74e60}: com/example/demo/pojo/ClientProductCustomizer> (0x00000000a4e74e60) 
thrown [t:\workspace\open\src\hotspot\share\classfile\systemDictionary.cpp, line 256]
Event: 13.567 Thread 0x00000133ecffb720 Exception <a 'java/lang/NoSuchMethodError'{0x00000000a4b28268}: 'java.lang.Object java.lang.invoke.DirectMethodHandle$Holder.invokeStaticInit(java.lang.Object, java.lang.Object, java.lang.Object, java.lang.Object, java.lang.Object, java.lang.Object)'> (0x00000000a4b28268) 
thrown [t:\workspace\open\src\hotspot\share\interpreter\linkResolver.cpp, line 790]
Event: 14.051 Thread 0x00000133ecffb720 Implicit null exception at 0x00000133f81ba402 to 0x00000133f81ba728
Event: 14.392 Thread 0x00000133ecffb720 Implicit null exception at 0x00000133f81bc7ae to 0x00000133f81be180
Event: 14.392 Thread 0x00000133ecffb720 Implicit null exception at 0x00000133f81bc7ae to 0x00000133f81be180
Event: 14.392 Thread 0x00000133ecffb720 Implicit null exception at 0x00000133f81bc7ae to 0x00000133f81be180
Event: 14.392 Thread 0x00000133ecffb720 Implicit null exception at 0x00000133f81bc7ae to 0x00000133f81be180
Event: 17.299 Thread 0x000001338853c700 Implicit null exception at 0x00000133f825d844 to 0x00000133f825da88
Event: 24.570 Thread 0x000001338853b1c0 Implicit null exception at 0x00000133f820e750 to 0x00000133f820e773

Events (20 events):
Event: 17.481 loading class java/util/stream/LongStream done
Event: 17.481 loading class java/util/stream/DoubleStream
Event: 17.482 loading class java/util/stream/DoubleStream done
Event: 17.509 loading class java/nio/StringCharBuffer
Event: 17.510 loading class java/nio/StringCharBuffer done
Event: 18.451 Executing  VM operation: Cleanup
Event: 18.451 Executing  VM operation: Cleanup done
Event: 22.758 Thread 0x0000013386c2c180 Thread exited: 0x0000013386c2c180
Event: 24.561 Thread 0x000001338853b1c0 Thread added: 0x000001338853b1c0
Event: 24.573 Executing  VM operation: G1CollectForAllocation
Event: 24.577 Executing  VM operation: G1CollectForAllocation done
Event: 24.616 Thread 0x0000013386c0b030 Thread added: 0x0000013386c0b030
Event: 25.590 Executing  VM operation: Cleanup
Event: 25.590 Executing  VM operation: Cleanup done
Event: 29.661 Thread 0x0000013386c0b030 Thread exited: 0x0000013386c0b030
Event: 61.944 Executing  VM operation: Cleanup
Event: 61.944 Executing  VM operation: Cleanup done
Event: 67.988 Executing  VM operation: Cleanup
Event: 67.988 Executing  VM operation: Cleanup done
Event: 70.298 Executing  VM operation: RedefineClasses


Dynamic libraries:
0x00007ff745d10000 - 0x00007ff745d1e000 	C:\Users\elise\Downloads\sts-4.12.0.RELEASE\plugins\org.eclipse.justj.openjdk.hotspot.jre.full.win32.x86_64_16.0.2.v20210721-1149\jre\bin\javaw.exe
0x00007ffeb0970000 - 0x00007ffeb0b65000 	C:\Windows\SYSTEM32\ntdll.dll
0x00007ffeaf690000 - 0x00007ffeaf74e000 	C:\Windows\System32\KERNEL32.DLL
0x00007ffeae410000 - 0x00007ffeae6d9000 	C:\Windows\System32\KERNELBASE.dll
0x00007ffeae8c0000 - 0x00007ffeae9c0000 	C:\Windows\System32\ucrtbase.dll
0x00007ffea9560000 - 0x00007ffea9578000 	C:\Users\elise\Downloads\sts-4.12.0.RELEASE\plugins\org.eclipse.justj.openjdk.hotspot.jre.full.win32.x86_64_16.0.2.v20210721-1149\jre\bin\jli.dll
0x00007ffeaea80000 - 0x00007ffeaec21000 	C:\Windows\System32\USER32.dll
0x00007ffeae6e0000 - 0x00007ffeae702000 	C:\Windows\System32\win32u.dll
0x00007ffeaf660000 - 0x00007ffeaf68b000 	C:\Windows\System32\GDI32.dll
0x00007ffeae2a0000 - 0x00007ffeae3ab000 	C:\Windows\System32\gdi32full.dll
0x00007ffeae200000 - 0x00007ffeae29d000 	C:\Windows\System32\msvcp_win.dll
0x00007ffea9f90000 - 0x00007ffea9fa9000 	C:\Users\elise\Downloads\sts-4.12.0.RELEASE\plugins\org.eclipse.justj.openjdk.hotspot.jre.full.win32.x86_64_16.0.2.v20210721-1149\jre\bin\VCRUNTIME140.dll
0x00007ffe9e1c0000 - 0x00007ffe9e45a000 	C:\Windows\WinSxS\amd64_microsoft.windows.common-controls_6595b64144ccf1df_6.0.19041.1110_none_60b5254171f9507e\COMCTL32.dll
0x00007ffeb07e0000 - 0x00007ffeb087e000 	C:\Windows\System32\msvcrt.dll
0x00007ffeae9c0000 - 0x00007ffeae9f0000 	C:\Windows\System32\IMM32.DLL
0x00007ffea9fd0000 - 0x00007ffea9fdc000 	C:\Users\elise\Downloads\sts-4.12.0.RELEASE\plugins\org.eclipse.justj.openjdk.hotspot.jre.full.win32.x86_64_16.0.2.v20210721-1149\jre\bin\vcruntime140_1.dll
0x00007ffe99fc0000 - 0x00007ffe9a051000 	C:\Users\elise\Downloads\sts-4.12.0.RELEASE\plugins\org.eclipse.justj.openjdk.hotspot.jre.full.win32.x86_64_16.0.2.v20210721-1149\jre\bin\msvcp140.dll
0x00007ffe89730000 - 0x00007ffe8a2db000 	C:\Users\elise\Downloads\sts-4.12.0.RELEASE\plugins\org.eclipse.justj.openjdk.hotspot.jre.full.win32.x86_64_16.0.2.v20210721-1149\jre\bin\server\jvm.dll
0x00007ffeb0880000 - 0x00007ffeb092c000 	C:\Windows\System32\ADVAPI32.dll
0x00007ffeaf9a0000 - 0x00007ffeafa3b000 	C:\Windows\System32\sechost.dll
0x00007ffeaf750000 - 0x00007ffeaf87a000 	C:\Windows\System32\RPCRT4.dll
0x00007ffeaf160000 - 0x00007ffeaf168000 	C:\Windows\System32\PSAPI.DLL
0x00007ffea92d0000 - 0x00007ffea92d9000 	C:\Windows\SYSTEM32\WSOCK32.dll
0x00007ffeb0770000 - 0x00007ffeb07db000 	C:\Windows\System32\WS2_32.dll
0x00007ffea8320000 - 0x00007ffea832a000 	C:\Windows\SYSTEM32\VERSION.dll
0x00007ffea5e60000 - 0x00007ffea5e87000 	C:\Windows\SYSTEM32\WINMM.dll
0x00007ffeabfb0000 - 0x00007ffeabfc2000 	C:\Windows\SYSTEM32\kernel.appcore.dll
0x00007ffea3510000 - 0x00007ffea351a000 	C:\Users\elise\Downloads\sts-4.12.0.RELEASE\plugins\org.eclipse.justj.openjdk.hotspot.jre.full.win32.x86_64_16.0.2.v20210721-1149\jre\bin\jimage.dll
0x00007ffe9e4e0000 - 0x00007ffe9e6c4000 	C:\Windows\SYSTEM32\DBGHELP.DLL
0x00007ffe9e4b0000 - 0x00007ffe9e4dc000 	C:\Windows\SYSTEM32\dbgcore.DLL
0x00007ffeae140000 - 0x00007ffeae1c3000 	C:\Windows\System32\bcryptPrimitives.dll
0x00007ffe87fe0000 - 0x00007ffe8801b000 	C:\Users\elise\Downloads\sts-4.12.0.RELEASE\plugins\org.eclipse.justj.openjdk.hotspot.jre.full.win32.x86_64_16.0.2.v20210721-1149\jre\bin\jdwp.dll
0x00007ffe99bd0000 - 0x00007ffe99bde000 	C:\Users\elise\Downloads\sts-4.12.0.RELEASE\plugins\org.eclipse.justj.openjdk.hotspot.jre.full.win32.x86_64_16.0.2.v20210721-1149\jre\bin\instrument.dll
0x00007ffea0180000 - 0x00007ffea01a5000 	C:\Users\elise\Downloads\sts-4.12.0.RELEASE\plugins\org.eclipse.justj.openjdk.hotspot.jre.full.win32.x86_64_16.0.2.v20210721-1149\jre\bin\java.dll
0x00007ffea0090000 - 0x00007ffea00a8000 	C:\Users\elise\Downloads\sts-4.12.0.RELEASE\plugins\org.eclipse.justj.openjdk.hotspot.jre.full.win32.x86_64_16.0.2.v20210721-1149\jre\bin\zip.dll
0x00007ffeafa40000 - 0x00007ffeb017f000 	C:\Windows\System32\SHELL32.dll
0x00007ffeac1b0000 - 0x00007ffeac940000 	C:\Windows\SYSTEM32\windows.storage.dll
0x00007ffeaed20000 - 0x00007ffeaf075000 	C:\Windows\System32\combase.dll
0x00007ffeada10000 - 0x00007ffeada3c000 	C:\Windows\SYSTEM32\Wldp.dll
0x00007ffeb06c0000 - 0x00007ffeb076d000 	C:\Windows\System32\SHCORE.dll
0x00007ffeaecc0000 - 0x00007ffeaed15000 	C:\Windows\System32\shlwapi.dll
0x00007ffeadfd0000 - 0x00007ffeadfef000 	C:\Windows\SYSTEM32\profapi.dll
0x00007ffe99b70000 - 0x00007ffe99b7c000 	C:\Users\elise\Downloads\sts-4.12.0.RELEASE\plugins\org.eclipse.justj.openjdk.hotspot.jre.full.win32.x86_64_16.0.2.v20210721-1149\jre\bin\dt_socket.dll
0x00007ffead460000 - 0x00007ffead49b000 	C:\Windows\SYSTEM32\IPHLPAPI.DLL
0x00007ffead770000 - 0x00007ffead7da000 	C:\Windows\system32\mswsock.dll
0x00007ffead4a0000 - 0x00007ffead56c000 	C:\Windows\SYSTEM32\DNSAPI.dll
0x00007ffeaf1d0000 - 0x00007ffeaf1d8000 	C:\Windows\System32\NSI.dll
0x0000000052540000 - 0x0000000052575000 	C:\Program Files\Bonjour\mdnsNSP.dll
0x00007ffea25f0000 - 0x00007ffea25fa000 	C:\Windows\System32\rasadhlp.dll
0x00007ffea4010000 - 0x00007ffea408f000 	C:\Windows\System32\fwpuclnt.dll
0x00007ffeae1d0000 - 0x00007ffeae1f7000 	C:\Windows\System32\bcrypt.dll
0x00007ffe9faa0000 - 0x00007ffe9fab9000 	C:\Users\elise\Downloads\sts-4.12.0.RELEASE\plugins\org.eclipse.justj.openjdk.hotspot.jre.full.win32.x86_64_16.0.2.v20210721-1149\jre\bin\net.dll
0x00007ffea4090000 - 0x00007ffea4198000 	C:\Windows\SYSTEM32\WINHTTP.dll
0x00007ffe9c920000 - 0x00007ffe9c933000 	C:\Users\elise\Downloads\sts-4.12.0.RELEASE\plugins\org.eclipse.justj.openjdk.hotspot.jre.full.win32.x86_64_16.0.2.v20210721-1149\jre\bin\nio.dll
0x00007ffea0b70000 - 0x00007ffea0b80000 	C:\Users\elise\Downloads\sts-4.12.0.RELEASE\plugins\org.eclipse.justj.openjdk.hotspot.jre.full.win32.x86_64_16.0.2.v20210721-1149\jre\bin\verify.dll
0x00007ffea9f60000 - 0x00007ffea9f69000 	C:\Users\elise\Downloads\sts-4.12.0.RELEASE\plugins\org.eclipse.justj.openjdk.hotspot.jre.full.win32.x86_64_16.0.2.v20210721-1149\jre\bin\management.dll
0x00007ffea95a0000 - 0x00007ffea95ab000 	C:\Users\elise\Downloads\sts-4.12.0.RELEASE\plugins\org.eclipse.justj.openjdk.hotspot.jre.full.win32.x86_64_16.0.2.v20210721-1149\jre\bin\management_ext.dll
0x00007ffe99e90000 - 0x00007ffe99ea7000 	C:\Windows\system32\napinsp.dll
0x00007ffe99e70000 - 0x00007ffe99e8b000 	C:\Windows\system32\pnrpnsp.dll
0x00007ffe9b3e0000 - 0x00007ffe9b3f5000 	C:\Windows\system32\wshbth.dll
0x00007ffea9da0000 - 0x00007ffea9dbd000 	C:\Windows\system32\NLAapi.dll
0x00007ffe996f0000 - 0x00007ffe99702000 	C:\Windows\System32\winrnr.dll
0x00007ffead960000 - 0x00007ffead978000 	C:\Windows\SYSTEM32\CRYPTSP.dll
0x00007ffead0f0000 - 0x00007ffead124000 	C:\Windows\system32\rsaenh.dll
0x00007ffeadf90000 - 0x00007ffeadfbe000 	C:\Windows\SYSTEM32\USERENV.dll
0x00007ffead980000 - 0x00007ffead98c000 	C:\Windows\SYSTEM32\CRYPTBASE.dll
0x00007ffea8800000 - 0x00007ffea8817000 	C:\Windows\SYSTEM32\dhcpcsvc6.DLL
0x00007ffea87e0000 - 0x00007ffea87fd000 	C:\Windows\SYSTEM32\dhcpcsvc.DLL
0x00007ffea9e00000 - 0x00007ffea9e0e000 	C:\Users\elise\Downloads\sts-4.12.0.RELEASE\plugins\org.eclipse.justj.openjdk.hotspot.jre.full.win32.x86_64_16.0.2.v20210721-1149\jre\bin\sunmscapi.dll
0x00007ffeae710000 - 0x00007ffeae866000 	C:\Windows\System32\CRYPT32.dll
0x00007ffeada80000 - 0x00007ffeadaa7000 	C:\Windows\SYSTEM32\ncrypt.dll
0x00007ffeada40000 - 0x00007ffeada7b000 	C:\Windows\SYSTEM32\NTASN1.dll
0x00007ffea05f0000 - 0x00007ffea05f7000 	C:\Windows\system32\wshunix.dll

dbghelp: loaded successfully - version: 4.0.5 - missing functions: none
symbol engine: initialized successfully - sym options: 0x614 - pdb path: .;C:\Users\elise\Downloads\sts-4.12.0.RELEASE\plugins\org.eclipse.justj.openjdk.hotspot.jre.full.win32.x86_64_16.0.2.v20210721-1149\jre\bin;C:\Windows\SYSTEM32;C:\Windows\WinSxS\amd64_microsoft.windows.common-controls_6595b64144ccf1df_6.0.19041.1110_none_60b5254171f9507e;C:\Users\elise\Downloads\sts-4.12.0.RELEASE\plugins\org.eclipse.justj.openjdk.hotspot.jre.full.win32.x86_64_16.0.2.v20210721-1149\jre\bin\server;C:\Program Files\Bonjour

VM Arguments:
jvm_args: -XX:+ShowCodeDetailsInExceptionMessages -agentlib:jdwp=transport=dt_socket,suspend=y,address=localhost:64970 -javaagent:C:\Users\elise\Downloads\sts-4.12.0.RELEASE\configuration\org.eclipse.osgi\259\0\.cp\lib\javaagent-shaded.jar -Dfile.encoding=UTF-8 
java_command: com.example.demo.AwebTp4EntregableApplication
java_class_path (initial): C:\xampp\htdocs\Proyectos\facultad\AWEB-spring\AWEB_TP4_entregable\target\classes;C:\Users\elise\.m2\repository\org\springframework\boot\spring-boot-starter-data-jpa\2.5.6\spring-boot-starter-data-jpa-2.5.6.jar;C:\Users\elise\.m2\repository\org\springframework\boot\spring-boot-starter-aop\2.5.6\spring-boot-starter-aop-2.5.6.jar;C:\Users\elise\.m2\repository\org\springframework\spring-aop\5.3.12\spring-aop-5.3.12.jar;C:\Users\elise\.m2\repository\org\aspectj\aspectjweaver\1.9.7\aspectjweaver-1.9.7.jar;C:\Users\elise\.m2\repository\org\springframework\boot\spring-boot-starter-jdbc\2.5.6\spring-boot-starter-jdbc-2.5.6.jar;C:\Users\elise\.m2\repository\com\zaxxer\HikariCP\4.0.3\HikariCP-4.0.3.jar;C:\Users\elise\.m2\repository\org\springframework\spring-jdbc\5.3.12\spring-jdbc-5.3.12.jar;C:\Users\elise\.m2\repository\jakarta\transaction\jakarta.transaction-api\1.3.3\jakarta.transaction-api-1.3.3.jar;C:\Users\elise\.m2\repository\jakarta\persistence\jakarta.persistence-api\2.2.3\jakarta.persistence-api-2.2.3.jar;C:\Users\elise\.m2\repository\org\hibernate\hibernate-core\5.4.32.Final\hibernate-core-5.4.32.Final.jar;C:\Users\elise\.m2\repository\org\jboss\logging\jboss-logging\3.4.2.Final\jboss-logging-3.4.2.Final.jar;C:\Users\elise\.m2\repository\org\javassist\javassist\3.27.0-GA\javassist-3.27.0-GA.jar;C:\Users\elise\.m2\repository\net\bytebuddy\byte-buddy\1.10.22\byte-buddy-1.10.22.jar;C:\Users\elise\.m2\repository\antlr\antlr\2.7.7\antlr-2.7.7.jar;C:\Users\elise\.m2\repository\org\jboss\jandex\2.2.3.Final\jandex-2.2.3.Final.jar;C:\Users\elise\.m2\repository\org\dom4j\dom4j\2.1.3\dom4j-2.1.3.jar;C:\Users\elise\.m2\repository\org\hibernate\common\hibernate-commons-annotations\5.1.2.Final\hibernate-commons-annotations-5.1.2.Final.jar;C:\Users\elise\.m2\repository\org\glassfish\jaxb\jaxb-runtime\2.3.5\jaxb-runtime-2.3.5.jar;C:\Users\elise\.m2\repository\org\glassfish\jaxb\txw2\2.3.5\txw2-2.3.5.jar;C:\Users\elise\.m2\repository\com\sun\istack\ist
Launcher Type: SUN_STANDARD

[Global flags]
     intx CICompilerCount                          = 3                                         {product} {ergonomic}
     uint ConcGCThreads                            = 1                                         {product} {ergonomic}
     uint G1ConcRefinementThreads                  = 4                                         {product} {ergonomic}
   size_t G1HeapRegionSize                         = 1048576                                   {product} {ergonomic}
    uintx GCDrainStackTargetSize                   = 64                                        {product} {ergonomic}
   size_t InitialHeapSize                          = 100663296                                 {product} {ergonomic}
   size_t MarkStackSize                            = 4194304                                   {product} {ergonomic}
   size_t MaxHeapSize                              = 1593835520                                {product} {ergonomic}
   size_t MaxNewSize                               = 956301312                                 {product} {ergonomic}
   size_t MinHeapDeltaBytes                        = 1048576                                   {product} {ergonomic}
   size_t MinHeapSize                              = 8388608                                   {product} {ergonomic}
    uintx NonNMethodCodeHeapSize                   = 5832780                                {pd product} {ergonomic}
    uintx NonProfiledCodeHeapSize                  = 122912730                              {pd product} {ergonomic}
    uintx ProfiledCodeHeapSize                     = 122912730                              {pd product} {ergonomic}
    uintx ReservedCodeCacheSize                    = 251658240                              {pd product} {ergonomic}
     bool SegmentedCodeCache                       = true                                      {product} {ergonomic}
     bool ShowCodeDetailsInExceptionMessages       = true                                   {manageable} {command line}
   size_t SoftMaxHeapSize                          = 1593835520                             {manageable} {ergonomic}
     bool UseCompressedClassPointers               = true                           {product lp64_product} {ergonomic}
     bool UseCompressedOops                        = true                           {product lp64_product} {ergonomic}
     bool UseG1GC                                  = true                                      {product} {ergonomic}
     bool UseLargePagesIndividualAllocation        = false                                  {pd product} {ergonomic}

Logging:
Log output configuration:
 #0: stdout all=warning uptime,level,tags
 #1: stderr all=off uptime,level,tags

Environment Variables:
PATH=C:\Users\elise\Downloads\sts-4.12.0.RELEASE\plugins\org.eclipse.justj.openjdk.hotspot.jre.full.win32.x86_64_16.0.2.v20210721-1149\jre\bin;C:/Users/elise/Downloads/sts-4.12.0.RELEASE//plugins/org.eclipse.justj.openjdk.hotspot.jre.full.win32.x86_64_16.0.2.v20210721-1149/jre/bin/server;C:/Users/elise/Downloads/sts-4.12.0.RELEASE//plugins/org.eclipse.justj.openjdk.hotspot.jre.full.win32.x86_64_16.0.2.v20210721-1149/jre/bin;C:\Program Files (x86)\Common Files\Oracle\Java\javapath;C:\Program Files\Python39\Scripts\;C:\Program Files\Python39\;C:\ProgramData\Oracle\Java\javapath;C:\Windows\system32;C:\Windows;C:\Windows\System32\Wbem;C:\Windows\System32\WindowsPowerShell\v1.0\;C:\Windows\System32\OpenSSH\;C:\Program Files\Git\cmd;C;C:\Program Files\nodejs\;C:\ProgramData\chocolatey\bin;C:\Program Files\Go\bin;C:\Users\elise\AppData\Local\Microsoft\WindowsApps;C:\Users\elise\AppData\Local\Programs\Microsoft VS Code\bin;C:\Users\elise\AppData\Roaming\Python\Python39\Scripts;C:\Program Files\heroku\bin;C:\Users\elise\AppData\Roaming\npm;C:\Users\elise\go\bin;C:\Users\elise\Downloads\sts-4.12.0.RELEASE;
USERNAME=elise
OS=Windows_NT
PROCESSOR_IDENTIFIER=AMD64 Family 23 Model 24 Stepping 1, AuthenticAMD



---------------  S Y S T E M  ---------------

OS:
 Windows 10 , 64 bit Build 19041 (10.0.19041.1202)
OS uptime: 6 days 17:42 hours

CPU: total 4 (initial active 4) (4 cores per cpu, 1 threads per core) family 23 model 24 stepping 1 microcode 0x0, cx8, cmov, fxsr, mmx, 3dnowpref, sse, sse2, sse3, ssse3, sse4a, sse4.1, sse4.2, popcnt, lzcnt, tsc, tscinvbit, avx, avx2, aes, clmul, bmi1, bmi2, adx, sha, fma, vzeroupper, clflush, clflushopt

Memory: 4k page, system-wide physical 6075M (577M free)
TotalPageFile size 12475M (AvailPageFile size 4909M)
current process WorkingSet (physical memory assigned to process): 239M, peak: 309M
current process commit charge ("private bytes"): 263M, peak: 332M

vm_info: OpenJDK 64-Bit Server VM (16.0.2+7-67) for windows-amd64 JRE (16.0.2+7-67), built on Jun  8 2021 23:21:43 by "mach5one" with MS VC++ 16.7 (VS2019)

END.
